<?xml version="1.0" encoding="utf-8"?><testsuites name="pytest tests"><testsuite name="pytest" errors="0" failures="0" skipped="0" tests="6" time="1.051" timestamp="2026-06-30T11:05:30.146288+00:00" hostname="agent-env-ab04e234-37a3-4dc7-b566-df3ee5ee41cb"><testcase classname="tests.test_contact_api.TestHealth" name="test_root_endpoint" time="0.257" /><testcase classname="tests.test_contact_api.TestContact" name="test_create_contact_inquiry" time="0.263" /><testcase classname="tests.test_contact_api.TestContact" name="test_list_contains_created" time="0.044" /><testcase classname="tests.test_contact_api.TestContact" name="test_create_with_minimal_fields" time="0.046" /><testcase classname="tests.test_contact_api.TestContact" name="test_invalid_email_rejected" time="0.046" /><testcase classname="tests.test_contact_api.TestContact" name="test_missing_required_fields_rejected" time="0.043" /></testsuite></testsuites>